# JRE version: OpenJDK Runtime Environment Temurin-21.0.11+10 (21.0.11+10) (build 21.0.11+10-LTS)
# Java VM: OpenJDK 64-Bit Server VM Temurin-21.0.11+10 (21.0.11+10-LTS, mixed mode, sharing, tiered, compressed oops, compressed class ptrs, parallel gc, windows-amd64)
GC Precious Log:
 CardTable entry size: 512
 CPUs: 16 total, 16 available
 Memory: 5996M
 Large Page Support: Disabled
 NUMA Support: Disabled
 Compressed Oops: Enabled (32-bit)
 Alignments: Space 512K, Generation 512K, Heap 2M
 Heap Min Capacity: 100M
 Heap Initial Capacity: 100M
 Heap Max Capacity: 2G
 Pre-touch: Disabled
 Parallel Workers: 13
Heap:
 PSYoungGen      total 10752K, used 9950K [0x00000000d5580000, 0x00000000d7100000, 0x0000000100000000)
  eden space 5632K, 85% used [0x00000000d5580000,0x00000000d5a37bc0,0x00000000d5b00000)
  from space 5120K, 100% used [0x00000000d5c00000,0x00000000d6100000,0x00000000d6100000)
  to   space 11264K, 0% used [0x00000000d6600000,0x00000000d6600000,0x00000000d7100000)
 ParOldGen       total 589312K, used 589239K [0x0000000080000000, 0x00000000a3f80000, 0x00000000d5580000)
  object space 589312K, 99% used [0x0000000080000000,0x00000000a3f6df20,0x00000000a3f80000)
 Metaspace       used 81221K, committed 82816K, reserved 1179648K
  class space    used 8241K, committed 8896K, reserved 1048576K
GC Heap History (20 events):
Event: 12836.239 GC heap before
{Heap before GC invocations=2649 (full 6):
 PSYoungGen      total 7168K, used 7168K [0x00000000d5580000, 0x00000000d6680000, 0x0000000100000000)
  eden space 4096K, 100% used [0x00000000d5580000,0x00000000d5980000,0x00000000d5980000)
  from space 3072K, 100% used [0x00000000d5980000,0x00000000d5c80000,0x00000000d5c80000)
  to   space 6144K, 0% used [0x00000000d6080000,0x00000000d6080000,0x00000000d6680000)
 ParOldGen       total 559104K, used 559101K [0x0000000080000000, 0x00000000a2200000, 0x00000000d5580000)
  object space 559104K, 99% used [0x0000000080000000,0x00000000a21ff560,0x00000000a2200000)
 Metaspace       used 81089K, committed 82688K, reserved 1179648K
  class space    used 8240K, committed 8896K, reserved 1048576K
}
Event: 12836.245 GC heap after
{Heap after GC invocations=2649 (full 6):
 PSYoungGen      total 7680K, used 2560K [0x00000000d5580000, 0x00000000d6300000, 0x0000000100000000)
  eden space 5120K, 0% used [0x00000000d5580000,0x00000000d5580000,0x00000000d5a80000)
  from space 2560K, 100% used [0x00000000d6080000,0x00000000d6300000,0x00000000d6300000)
  to   space 4096K, 0% used [0x00000000d5b00000,0x00000000d5b00000,0x00000000d5f00000)
 ParOldGen       total 562176K, used 562163K [0x0000000080000000, 0x00000000a2500000, 0x00000000d5580000)
  object space 562176K, 99% used [0x0000000080000000,0x00000000a24fcce0,0x00000000a2500000)
 Metaspace       used 81089K, committed 82688K, reserved 1179648K
  class space    used 8240K, committed 8896K, reserved 1048576K
}
Event: 12836.317 GC heap before
{Heap before GC invocations=2650 (full 6):
 PSYoungGen      total 7680K, used 7680K [0x00000000d5580000, 0x00000000d6300000, 0x0000000100000000)
  eden space 5120K, 100% used [0x00000000d5580000,0x00000000d5a80000,0x00000000d5a80000)
  from space 2560K, 100% used [0x00000000d6080000,0x00000000d6300000,0x00000000d6300000)
  to   space 4096K, 0% used [0x00000000d5b00000,0x00000000d5b00000,0x00000000d5f00000)
 ParOldGen       total 562176K, used 562163K [0x0000000080000000, 0x00000000a2500000, 0x00000000d5580000)
  object space 562176K, 99% used [0x0000000080000000,0x00000000a24fcce0,0x00000000a2500000)
 Metaspace       used 81116K, committed 82688K, reserved 1179648K
  class space    used 8240K, committed 8896K, reserved 1048576K
}
Event: 12836.322 GC heap after
{Heap after GC invocations=2650 (full 6):
 PSYoungGen      total 7168K, used 1472K [0x00000000d5580000, 0x00000000d6100000, 0x0000000100000000)
  eden space 5632K, 0% used [0x00000000d5580000,0x00000000d5580000,0x00000000d5b00000)
  from space 1536K, 95% used [0x00000000d5b00000,0x00000000d5c70000,0x00000000d5c80000)
  to   space 2560K, 0% used [0x00000000d5e80000,0x00000000d5e80000,0x00000000d6100000)
 ParOldGen       total 564224K, used 564031K [0x0000000080000000, 0x00000000a2700000, 0x00000000d5580000)
  object space 564224K, 99% used [0x0000000080000000,0x00000000a26cfd10,0x00000000a2700000)
 Metaspace       used 81116K, committed 82688K, reserved 1179648K
  class space    used 8240K, committed 8896K, reserved 1048576K
}
Event: 12846.818 GC heap before
{Heap before GC invocations=2651 (full 6):
 PSYoungGen      total 7168K, used 7104K [0x00000000d5580000, 0x00000000d6100000, 0x0000000100000000)
  eden space 5632K, 100% used [0x00000000d5580000,0x00000000d5b00000,0x00000000d5b00000)
  from space 1536K, 95% used [0x00000000d5b00000,0x00000000d5c70000,0x00000000d5c80000)
  to   space 2560K, 0% used [0x00000000d5e80000,0x00000000d5e80000,0x00000000d6100000)
 ParOldGen       total 564224K, used 564031K [0x0000000080000000, 0x00000000a2700000, 0x00000000d5580000)
  object space 564224K, 99% used [0x0000000080000000,0x00000000a26cfd10,0x00000000a2700000)
 Metaspace       used 81175K, committed 82752K, reserved 1179648K
  class space    used 8240K, committed 8896K, reserved 1048576K
}
Event: 12847.824 GC heap after
{Heap after GC invocations=2651 (full 6):
 PSYoungGen      total 6144K, used 512K [0x00000000d5580000, 0x00000000d5f00000, 0x0000000100000000)
  eden space 5632K, 0% used [0x00000000d5580000,0x00000000d5580000,0x00000000d5b00000)
  from space 512K, 100% used [0x00000000d5e80000,0x00000000d5f00000,0x00000000d5f00000)
  to   space 1024K, 0% used [0x00000000d5d00000,0x00000000d5d00000,0x00000000d5e00000)
 ParOldGen       total 565760K, used 565293K [0x0000000080000000, 0x00000000a2880000, 0x00000000d5580000)
  object space 565760K, 99% used [0x0000000080000000,0x00000000a280b440,0x00000000a2880000)
 Metaspace       used 81175K, committed 82752K, reserved 1179648K
  class space    used 8240K, committed 8896K, reserved 1048576K
}
Event: 12847.993 GC heap before
{Heap before GC invocations=2652 (full 6):
 PSYoungGen      total 6144K, used 6050K [0x00000000d5580000, 0x00000000d5f00000, 0x0000000100000000)
  eden space 5632K, 98% used [0x00000000d5580000,0x00000000d5ae88b8,0x00000000d5b00000)
  from space 512K, 100% used [0x00000000d5e80000,0x00000000d5f00000,0x00000000d5f00000)
  to   space 1024K, 0% used [0x00000000d5d00000,0x00000000d5d00000,0x00000000d5e00000)
 ParOldGen       total 565760K, used 565293K [0x0000000080000000, 0x00000000a2880000, 0x00000000d5580000)
  object space 565760K, 99% used [0x0000000080000000,0x00000000a280b440,0x00000000a2880000)
 Metaspace       used 81211K, committed 82816K, reserved 1179648K
  class space    used 8240K, committed 8896K, reserved 1048576K
}
Event: 12847.998 GC heap after
{Heap after GC invocations=2652 (full 6):
 PSYoungGen      total 6656K, used 1019K [0x00000000d5580000, 0x00000000d6500000, 0x0000000100000000)
  eden space 5632K, 0% used [0x00000000d5580000,0x00000000d5580000,0x00000000d5b00000)
  from space 1024K, 99% used [0x00000000d5d00000,0x00000000d5dfefb0,0x00000000d5e00000)
  to   space 5120K, 0% used [0x00000000d6000000,0x00000000d6000000,0x00000000d6500000)
 ParOldGen       total 568320K, used 568305K [0x0000000080000000, 0x00000000a2b00000, 0x00000000d5580000)
  object space 568320K, 99% used [0x0000000080000000,0x00000000a2afc4e0,0x00000000a2b00000)
 Metaspace       used 81211K, committed 82816K, reserved 1179648K
  class space    used 8240K, committed 8896K, reserved 1048576K
}
Event: 12848.250 GC heap before
{Heap before GC invocations=2653 (full 6):
 PSYoungGen      total 6656K, used 6185K [0x00000000d5580000, 0x00000000d6500000, 0x0000000100000000)
  eden space 5632K, 91% used [0x00000000d5580000,0x00000000d5a8b670,0x00000000d5b00000)
  from space 1024K, 99% used [0x00000000d5d00000,0x00000000d5dfefb0,0x00000000d5e00000)
  to   space 5120K, 0% used [0x00000000d6000000,0x00000000d6000000,0x00000000d6500000)
 ParOldGen       total 568320K, used 568305K [0x0000000080000000, 0x00000000a2b00000, 0x00000000d5580000)
  object space 568320K, 99% used [0x0000000080000000,0x00000000a2afc4e0,0x00000000a2b00000)
 Metaspace       used 81220K, committed 82816K, reserved 1179648K
  class space    used 8241K, committed 8896K, reserved 1048576K
}
Event: 12848.253 GC heap after
{Heap after GC invocations=2653 (full 6):
 PSYoungGen      total 6656K, used 800K [0x00000000d5580000, 0x00000000d6100000, 0x0000000100000000)
  eden space 5632K, 0% used [0x00000000d5580000,0x00000000d5580000,0x00000000d5b00000)
  from space 1024K, 78% used [0x00000000d6000000,0x00000000d60c8000,0x00000000d6100000)
  to   space 2048K, 0% used [0x00000000d5d00000,0x00000000d5d00000,0x00000000d5f00000)
 ParOldGen       total 568832K, used 568425K [0x0000000080000000, 0x00000000a2b80000, 0x00000000d5580000)
  object space 568832K, 99% used [0x0000000080000000,0x00000000a2b1a4e0,0x00000000a2b80000)
 Metaspace       used 81220K, committed 82816K, reserved 1179648K
  class space    used 8241K, committed 8896K, reserved 1048576K
}
Event: 12848.272 GC heap before
{Heap before GC invocations=2654 (full 6):
 PSYoungGen      total 6656K, used 6432K [0x00000000d5580000, 0x00000000d6100000, 0x0000000100000000)
  eden space 5632K, 100% used [0x00000000d5580000,0x00000000d5b00000,0x00000000d5b00000)
  from space 1024K, 78% used [0x00000000d6000000,0x00000000d60c8000,0x00000000d6100000)
  to   space 2048K, 0% used [0x00000000d5d00000,0x00000000d5d00000,0x00000000d5f00000)
 ParOldGen       total 568832K, used 568425K [0x0000000080000000, 0x00000000a2b80000, 0x00000000d5580000)
  object space 568832K, 99% used [0x0000000080000000,0x00000000a2b1a4e0,0x00000000a2b80000)
 Metaspace       used 81220K, committed 82816K, reserved 1179648K
  class space    used 8241K, committed 8896K, reserved 1048576K
}
Event: 12848.277 GC heap after
{Heap after GC invocations=2654 (full 6):
 PSYoungGen      total 7680K, used 2028K [0x00000000d5580000, 0x00000000d6800000, 0x0000000100000000)
  eden space 5632K, 0% used [0x00000000d5580000,0x00000000d5580000,0x00000000d5b00000)
  from space 2048K, 99% used [0x00000000d5d00000,0x00000000d5efb0b0,0x00000000d5f00000)
  to   space 6656K, 0% used [0x00000000d6180000,0x00000000d6180000,0x00000000d6800000)
 ParOldGen       total 572416K, used 572135K [0x0000000080000000, 0x00000000a2f00000, 0x00000000d5580000)
  object space 572416K, 99% used [0x0000000080000000,0x00000000a2eb9f60,0x00000000a2f00000)
 Metaspace       used 81220K, committed 82816K, reserved 1179648K
  class space    used 8241K, committed 8896K, reserved 1048576K
}
Event: 12848.300 GC heap before
{Heap before GC invocations=2655 (full 6):
 PSYoungGen      total 7680K, used 7660K [0x00000000d5580000, 0x00000000d6800000, 0x0000000100000000)
  eden space 5632K, 99% used [0x00000000d5580000,0x00000000d5afffc8,0x00000000d5b00000)
  from space 2048K, 99% used [0x00000000d5d00000,0x00000000d5efb0b0,0x00000000d5f00000)
  to   space 6656K, 0% used [0x00000000d6180000,0x00000000d6180000,0x00000000d6800000)
 ParOldGen       total 572416K, used 572135K [0x0000000080000000, 0x00000000a2f00000, 0x00000000d5580000)
  object space 572416K, 99% used [0x0000000080000000,0x00000000a2eb9f60,0x00000000a2f00000)
 Metaspace       used 81220K, committed 82816K, reserved 1179648K
  class space    used 8241K, committed 8896K, reserved 1048576K
}
Event: 12848.306 GC heap after
{Heap after GC invocations=2655 (full 6):
 PSYoungGen      total 10752K, used 5088K [0x00000000d5580000, 0x00000000d6680000, 0x0000000100000000)
  eden space 5632K, 0% used [0x00000000d5580000,0x00000000d5580000,0x00000000d5b00000)
  from space 5120K, 99% used [0x00000000d6180000,0x00000000d6678000,0x00000000d6680000)
  to   space 5632K, 0% used [0x00000000d5b80000,0x00000000d5b80000,0x00000000d6100000)
 ParOldGen       total 574464K, used 574228K [0x0000000080000000, 0x00000000a3100000, 0x00000000d5580000)
  object space 574464K, 99% used [0x0000000080000000,0x00000000a30c5010,0x00000000a3100000)
 Metaspace       used 81220K, committed 82816K, reserved 1179648K
  class space    used 8241K, committed 8896K, reserved 1048576K
}
Event: 12848.334 GC heap before
{Heap before GC invocations=2656 (full 6):
 PSYoungGen      total 10752K, used 10686K [0x00000000d5580000, 0x00000000d6680000, 0x0000000100000000)
  eden space 5632K, 99% used [0x00000000d5580000,0x00000000d5af7900,0x00000000d5b00000)
  from space 5120K, 99% used [0x00000000d6180000,0x00000000d6678000,0x00000000d6680000)
  to   space 5632K, 0% used [0x00000000d5b80000,0x00000000d5b80000,0x00000000d6100000)
 ParOldGen       total 574464K, used 574228K [0x0000000080000000, 0x00000000a3100000, 0x00000000d5580000)
  object space 574464K, 99% used [0x0000000080000000,0x00000000a30c5010,0x00000000a3100000)
 Metaspace       used 81220K, committed 82816K, reserved 1179648K
  class space    used 8241K, committed 8896K, reserved 1048576K
}
Event: 12848.341 GC heap after
{Heap after GC invocations=2656 (full 6):
 PSYoungGen      total 11264K, used 5220K [0x00000000d5580000, 0x00000000d6600000, 0x0000000100000000)
  eden space 5632K, 0% used [0x00000000d5580000,0x00000000d5580000,0x00000000d5b00000)
  from space 5632K, 92% used [0x00000000d5b80000,0x00000000d6099200,0x00000000d6100000)
  to   space 5120K, 0% used [0x00000000d6100000,0x00000000d6100000,0x00000000d6600000)
 ParOldGen       total 579584K, used 579180K [0x0000000080000000, 0x00000000a3600000, 0x00000000d5580000)
  object space 579584K, 99% used [0x0000000080000000,0x00000000a359b010,0x00000000a3600000)
 Metaspace       used 81220K, committed 82816K, reserved 1179648K
  class space    used 8241K, committed 8896K, reserved 1048576K
}
Event: 12848.474 GC heap before
{Heap before GC invocations=2657 (full 6):
 PSYoungGen      total 11264K, used 10852K [0x00000000d5580000, 0x00000000d6600000, 0x0000000100000000)
  eden space 5632K, 100% used [0x00000000d5580000,0x00000000d5b00000,0x00000000d5b00000)
  from space 5632K, 92% used [0x00000000d5b80000,0x00000000d6099200,0x00000000d6100000)
  to   space 5120K, 0% used [0x00000000d6100000,0x00000000d6100000,0x00000000d6600000)
 ParOldGen       total 579584K, used 579180K [0x0000000080000000, 0x00000000a3600000, 0x00000000d5580000)
  object space 579584K, 99% used [0x0000000080000000,0x00000000a359b010,0x00000000a3600000)
 Metaspace       used 81220K, committed 82816K, reserved 1179648K
  class space    used 8241K, committed 8896K, reserved 1048576K
}
Event: 12848.483 GC heap after
{Heap after GC invocations=2657 (full 6):
 PSYoungGen      total 10752K, used 4795K [0x00000000d5580000, 0x00000000d6600000, 0x0000000100000000)
  eden space 5632K, 0% used [0x00000000d5580000,0x00000000d5580000,0x00000000d5b00000)
  from space 5120K, 93% used [0x00000000d6100000,0x00000000d65aef10,0x00000000d6600000)
  to   space 5120K, 0% used [0x00000000d5c00000,0x00000000d5c00000,0x00000000d6100000)
 ParOldGen       total 584192K, used 584052K [0x0000000080000000, 0x00000000a3a80000, 0x00000000d5580000)
  object space 584192K, 99% used [0x0000000080000000,0x00000000a3a5d010,0x00000000a3a80000)
 Metaspace       used 81220K, committed 82816K, reserved 1179648K
  class space    used 8241K, committed 8896K, reserved 1048576K
}
Event: 12848.506 GC heap before
{Heap before GC invocations=2658 (full 6):
 PSYoungGen      total 10752K, used 10427K [0x00000000d5580000, 0x00000000d6600000, 0x0000000100000000)
  eden space 5632K, 100% used [0x00000000d5580000,0x00000000d5b00000,0x00000000d5b00000)
  from space 5120K, 93% used [0x00000000d6100000,0x00000000d65aef10,0x00000000d6600000)
  to   space 5120K, 0% used [0x00000000d5c00000,0x00000000d5c00000,0x00000000d6100000)
 ParOldGen       total 584192K, used 584052K [0x0000000080000000, 0x00000000a3a80000, 0x00000000d5580000)
  object space 584192K, 99% used [0x0000000080000000,0x00000000a3a5d010,0x00000000a3a80000)
 Metaspace       used 81220K, committed 82816K, reserved 1179648K
  class space    used 8241K, committed 8896K, reserved 1048576K
}
Event: 12848.515 GC heap after
{Heap after GC invocations=2658 (full 6):
 PSYoungGen      total 10752K, used 5120K [0x00000000d5580000, 0x00000000d7100000, 0x0000000100000000)
  eden space 5632K, 0% used [0x00000000d5580000,0x00000000d5580000,0x00000000d5b00000)
  from space 5120K, 100% used [0x00000000d5c00000,0x00000000d6100000,0x00000000d6100000)
  to   space 11264K, 0% used [0x00000000d6600000,0x00000000d6600000,0x00000000d7100000)
 ParOldGen       total 589312K, used 589239K [0x0000000080000000, 0x00000000a3f80000, 0x00000000d5580000)
  object space 589312K, 99% used [0x0000000080000000,0x00000000a3f6df20,0x00000000a3f80000)
 Metaspace       used 81220K, committed 82816K, reserved 1179648K
  class space    used 8241K, committed 8896K, reserved 1048576K
}

